<?xml version="1.0" encoding="UTF-8"?>
<!-- Generated by org.testng.reporters.JUnitXMLReporter -->
<testsuite hostname="NagRaj" ignored="0" name="TestChrome" tests="3" failures="0" timestamp="18 May 2017 07:52:04 GMT" time="10.238" errors="0">
  <testcase name="@BeforeMethod openApplication" time="2.424" classname="generic.BaseTest">
    <failure type="org.openqa.selenium.WebDriverException" message="java.nio.file.FileSystemException: C:\Users\NAGARA~1\AppData\Local\Temp\new-session2058017149760598503.json: The process cannot access the file because it is being used by another process.

Build info: version: &amp;apos;3.3.1&amp;apos;, revision: &amp;apos;5234b32&amp;apos;, time: &amp;apos;2017-03-10 09:04:52 -0800&amp;apos;
System info: host: &amp;apos;NAGRAJ&amp;apos;, ip: &amp;apos;192.168.78.1&amp;apos;, os.name: &amp;apos;Windows 8.1&amp;apos;, os.arch: &amp;apos;amd64&amp;apos;, os.version: &amp;apos;6.3&amp;apos;, java.version: &amp;apos;1.8.0_111&amp;apos;
Driver info: driver.version: ChromeDriver">
      <![CDATA[org.openqa.selenium.WebDriverException: java.nio.file.FileSystemException: C:\Users\NAGARA~1\AppData\Local\Temp\new-session2058017149760598503.json: The process cannot access the file because it is being used by another process.

Build info: version: '3.3.1', revision: '5234b32', time: '2017-03-10 09:04:52 -0800'
System info: host: 'NAGRAJ', ip: '192.168.78.1', os.name: 'Windows 8.1', os.arch: 'amd64', os.version: '6.3', java.version: '1.8.0_111'
Driver info: driver.version: ChromeDriver
	at org.openqa.selenium.remote.service.DriverCommandExecutor.execute(DriverCommandExecutor.java:91)
	at org.openqa.selenium.remote.RemoteWebDriver.execute(RemoteWebDriver.java:604)
	at org.openqa.selenium.remote.RemoteWebDriver.startSession(RemoteWebDriver.java:244)
	at org.openqa.selenium.remote.RemoteWebDriver.<init>(RemoteWebDriver.java:131)
	at org.openqa.selenium.remote.RemoteWebDriver.<init>(RemoteWebDriver.java:144)
	at org.openqa.selenium.chrome.ChromeDriver.<init>(ChromeDriver.java:178)
	at org.openqa.selenium.chrome.ChromeDriver.<init>(ChromeDriver.java:167)
	at org.openqa.selenium.chrome.ChromeDriver.<init>(ChromeDriver.java:124)
	at generic.BaseTest.openApplication(BaseTest.java:16)
Caused by: java.nio.file.FileSystemException: C:\Users\NAGARA~1\AppData\Local\Temp\new-session2058017149760598503.json: The process cannot access the file because it is being used by another process.

	at sun.nio.fs.WindowsException.translateToIOException(Unknown Source)
	at sun.nio.fs.WindowsException.rethrowAsIOException(Unknown Source)
	at sun.nio.fs.WindowsException.rethrowAsIOException(Unknown Source)
	at sun.nio.fs.WindowsFileSystemProvider.implDelete(Unknown Source)
	at sun.nio.fs.AbstractFileSystemProvider.deleteIfExists(Unknown Source)
	at java.nio.file.Files.deleteIfExists(Unknown Source)
	at org.openqa.selenium.remote.ProtocolHandshake.createSession(ProtocolHandshake.java:122)
	at org.openqa.selenium.remote.HttpCommandExecutor.execute(HttpCommandExecutor.java:141)
	at org.openqa.selenium.remote.service.DriverCommandExecutor.execute(DriverCommandExecutor.java:82)
	... 35 more
... Removed 27 stack frames]]>
    </failure>
  </testcase> <!-- @BeforeMethod openApplication -->
  <testcase name="@BeforeMethod openApplication" time="0.0" classname="generic.BaseTest">
    <skipped/>
  </testcase> <!-- @BeforeMethod openApplication -->
  <testcase name="testInvalidLogin" time="1.444" classname="test.InvalidLogin"/>
  <testcase name="testValidLoginLogout" time="0.0" classname="test.ValidLoginLogout">
    <skipped/>
  </testcase> <!-- testValidLoginLogout -->
  <testcase name="testVerifyVersion" time="0.0" classname="test.VerifyVersion">
    <skipped/>
  </testcase> <!-- testVerifyVersion -->
</testsuite> <!-- TestChrome -->
